<?xml version="1.0" encoding="UTF-8"?>
<!-- Generated by org.testng.reporters.JUnitReportReporter -->
<testsuite hostname="pc" failures="0" tests="1" name="testClass.VerifyOrange" time="20.215" errors="0" timestamp="2022-06-08T00:41:00 IST" skipped="0">
  <testcase classname="testClass.VerifyOrange" name="test" time="20.215"/>
  <system-out/>
</testsuite> <!-- testClass.VerifyOrange -->
