<?xml version="1.0" encoding="UTF-8"?>
<!-- Generated by org.testng.reporters.JUnitReportReporter -->
<testsuite hostname="pc" failures="0" tests="2" name="testClass.VerifyDirectory" time="40.166" errors="0" timestamp="2022-06-08T00:41:00 IST" skipped="0">
  <testcase classname="testClass.VerifyDirectory" name="verifyTime" time="10.800"/>
  <system-out/>
  <testcase classname="testClass.VerifyDirectory" name="verifydirectory" time="29.366"/>
  <system-out/>
</testsuite> <!-- testClass.VerifyDirectory -->
