<?xml version="1.0" encoding="UTF-8"?>
<!-- Generated by org.testng.reporters.JUnitReportReporter -->
<testsuite hostname="pc" failures="0" tests="1" name="testclasses.TestClass" time="26.761" errors="0" timestamp="2022-08-03T07:29:35 IST" skipped="0">
  <testcase classname="testclasses.TestClass" name="test" time="26.761"/>
  <system-out/>
</testsuite> <!-- testclasses.TestClass -->
