<?xml version="1.0" encoding="UTF-8"?>
<!-- Generated by org.testng.reporters.JUnitReportReporter -->
<testsuite hostname="pc" failures="0" tests="1" name="testClass.VerifyByShirt" time="22.584" errors="0" timestamp="2022-05-23T22:13:44 IST" skipped="0">
  <testcase classname="testClass.VerifyByShirt" name="test" time="22.584"/>
  <system-out/>
</testsuite> <!-- testClass.VerifyByShirt -->
